{"/Users/macbookair/Desktop/containers-set-map/src/set/error/error.js": {"path":"/Users/macbookair/Desktop/containers-set-map/src/set/error/error.js","statementMap":{"0":{"start":{"line":5,"column":2},"end":{"line":5,"column":25}},"1":{"start":{"line":9,"column":2},"end":{"line":9,"column":35}},"2":{"start":{"line":13,"column":2},"end":{"line":13,"column":70}},"3":{"start":{"line":17,"column":18},"end":{"line":17,"column":39}},"4":{"start":{"line":20,"column":0},"end":{"line":20,"column":42}},"5":{"start":{"line":21,"column":0},"end":{"line":21,"column":49}},"6":{"start":{"line":22,"column":0},"end":{"line":22,"column":41}},"7":{"start":{"line":24,"column":0},"end":{"line":24,"column":37}}},"fnMap":{"0":{"name":"(anonymous_0)","decl":{"start":{"line":4,"column":1},"end":{"line":4,"column":2}},"loc":{"start":{"line":4,"column":15},"end":{"line":6,"column":2}},"line":4},"1":{"name":"(anonymous_1)","decl":{"start":{"line":8,"column":1},"end":{"line":8,"column":2}},"loc":{"start":{"line":8,"column":29},"end":{"line":10,"column":2}},"line":8},"2":{"name":"(anonymous_2)","decl":{"start":{"line":12,"column":1},"end":{"line":12,"column":2}},"loc":{"start":{"line":12,"column":17},"end":{"line":14,"column":2}},"line":12}},"branchMap":{"0":{"loc":{"start":{"line":13,"column":9},"end":{"line":13,"column":70}},"type":"cond-expr","locations":[{"start":{"line":13,"column":32},"end":{"line":13,"column":52}},{"start":{"line":13,"column":55},"end":{"line":13,"column":70}}],"line":13}},"s":{"0":2,"1":6,"2":5,"3":1,"4":1,"5":1,"6":1,"7":1},"f":{"0":2,"1":6,"2":5},"b":{"0":[4,1]},"_coverageSchema":"1a1c01bbd47fc00a2c39e90264f33305004495a9","hash":"538430ea3d8b9bc9c0d1af892de7e004641b0b37"}
,"/Users/macbookair/Desktop/containers-set-map/src/set/team/team.js": {"path":"/Users/macbookair/Desktop/containers-set-map/src/set/team/team.js","statementMap":{"0":{"start":{"line":3,"column":2},"end":{"line":3,"column":19}},"1":{"start":{"line":9,"column":2},"end":{"line":9,"column":27}},"2":{"start":{"line":13,"column":2},"end":{"line":22,"column":3}},"3":{"start":{"line":14,"column":3},"end":{"line":14,"column":51}},"4":{"start":{"line":16,"column":3},"end":{"line":20,"column":4}},"5":{"start":{"line":17,"column":4},"end":{"line":19,"column":5}},"6":{"start":{"line":18,"column":5},"end":{"line":18,"column":68}},"7":{"start":{"line":21,"column":3},"end":{"line":21,"column":31}},"8":{"start":{"line":26,"column":2},"end":{"line":37,"column":3}},"9":{"start":{"line":27,"column":3},"end":{"line":36,"column":4}},"10":{"start":{"line":28,"column":4},"end":{"line":28,"column":52}},"11":{"start":{"line":30,"column":4},"end":{"line":34,"column":5}},"12":{"start":{"line":31,"column":5},"end":{"line":33,"column":6}},"13":{"start":{"line":32,"column":6},"end":{"line":32,"column":69}},"14":{"start":{"line":35,"column":4},"end":{"line":35,"column":32}},"15":{"start":{"line":41,"column":2},"end":{"line":41,"column":27}}},"fnMap":{"0":{"name":"(anonymous_0)","decl":{"start":{"line":2,"column":1},"end":{"line":2,"column":2}},"loc":{"start":{"line":2,"column":19},"end":{"line":4,"column":2}},"line":2},"1":{"name":"(anonymous_1)","decl":{"start":{"line":8,"column":1},"end":{"line":8,"column":2}},"loc":{"start":{"line":8,"column":15},"end":{"line":10,"column":2}},"line":8},"2":{"name":"(anonymous_2)","decl":{"start":{"line":12,"column":1},"end":{"line":12,"column":2}},"loc":{"start":{"line":12,"column":16},"end":{"line":23,"column":2}},"line":12},"3":{"name":"(anonymous_3)","decl":{"start":{"line":25,"column":1},"end":{"line":25,"column":2}},"loc":{"start":{"line":25,"column":23},"end":{"line":38,"column":2}},"line":25},"4":{"name":"(anonymous_4)","decl":{"start":{"line":40,"column":1},"end":{"line":40,"column":2}},"loc":{"start":{"line":40,"column":11},"end":{"line":42,"column":2}},"line":40}},"branchMap":{"0":{"loc":{"start":{"line":13,"column":2},"end":{"line":22,"column":3}},"type":"if","locations":[{"start":{"line":13,"column":2},"end":{"line":22,"column":3}},{"start":{"line":15,"column":9},"end":{"line":22,"column":3}}],"line":13},"1":{"loc":{"start":{"line":17,"column":4},"end":{"line":19,"column":5}},"type":"if","locations":[{"start":{"line":17,"column":4},"end":{"line":19,"column":5}},{"start":{},"end":{}}],"line":17},"2":{"loc":{"start":{"line":27,"column":3},"end":{"line":36,"column":4}},"type":"if","locations":[{"start":{"line":27,"column":3},"end":{"line":36,"column":4}},{"start":{"line":29,"column":10},"end":{"line":36,"column":4}}],"line":27},"3":{"loc":{"start":{"line":31,"column":5},"end":{"line":33,"column":6}},"type":"if","locations":[{"start":{"line":31,"column":5},"end":{"line":33,"column":6}},{"start":{},"end":{}}],"line":31}},"s":{"0":24,"1":6,"2":12,"3":1,"4":11,"5":14,"6":1,"7":10,"8":5,"9":12,"10":1,"11":11,"12":14,"13":1,"14":10,"15":2},"f":{"0":24,"1":6,"2":12,"3":5,"4":2},"b":{"0":[1,11],"1":[1,13],"2":[1,11],"3":[1,13]},"_coverageSchema":"1a1c01bbd47fc00a2c39e90264f33305004495a9","hash":"f104e752f17a48f267ea5ff0f79e68c09f8ee751"}
}
