TN:
SF:src/set/error/error.js
FN:4,(anonymous_0)
FN:8,(anonymous_1)
FN:12,(anonymous_2)
FNF:3
FNH:3
FNDA:2,(anonymous_0)
FNDA:6,(anonymous_1)
FNDA:5,(anonymous_2)
DA:5,2
DA:9,6
DA:13,5
DA:17,1
DA:20,1
DA:21,1
DA:22,1
DA:24,1
LF:8
LH:8
BRDA:13,0,0,4
BRDA:13,0,1,1
BRF:2
BRH:2
end_of_record
TN:
SF:src/set/team/team.js
FN:2,(anonymous_0)
FN:8,(anonymous_1)
FN:12,(anonymous_2)
FN:25,(anonymous_3)
FN:40,(anonymous_4)
FNF:5
FNH:5
FNDA:24,(anonymous_0)
FNDA:6,(anonymous_1)
FNDA:12,(anonymous_2)
FNDA:5,(anonymous_3)
FNDA:2,(anonymous_4)
DA:3,24
DA:9,6
DA:13,12
DA:14,1
DA:16,11
DA:17,14
DA:18,1
DA:21,10
DA:26,5
DA:27,12
DA:28,1
DA:30,11
DA:31,14
DA:32,1
DA:35,10
DA:41,2
LF:16
LH:16
BRDA:13,0,0,1
BRDA:13,0,1,11
BRDA:17,1,0,1
BRDA:17,1,1,13
BRDA:27,2,0,1
BRDA:27,2,1,11
BRDA:31,3,0,1
BRDA:31,3,1,13
BRF:8
BRH:8
end_of_record
